2024-07-18T08:55:52.164Z - success: protocol editor-framework registered
2024-07-18T08:55:52.164Z - success: protocol app registered
2024-07-18T08:55:52.164Z - success: protocol theme registered
2024-07-18T08:55:52.164Z - success: protocol packages registered
2024-07-18T08:55:52.171Z - normal: Load ~/.CocosCreator/settings.json
2024-07-18T08:55:52.178Z - success: protocol uuid registerred
2024-07-18T08:55:52.178Z - success: protocol db registerred
2024-07-18T08:55:52.179Z - success: protocol thumbnail registerred
2024-07-18T08:55:52.217Z - normal: Initializing Asset Database
2024-07-18T08:55:52.218Z - normal: checking language setting...
2024-07-18T08:55:52.218Z - normal: Language: en
2024-07-18T08:55:52.219Z - success: protocol unpack registerred
2024-07-18T08:55:52.219Z - success: protocol disable-commonjs registerred
2024-07-18T08:55:53.578Z - normal: connected!
2024-07-18T08:55:54.014Z - normal: Check project /Users/valeriafedorova/Desktop/TestGame
2024-07-18T08:55:54.016Z - normal: Initializing project /Users/valeriafedorova/Desktop/TestGame
2024-07-18T08:55:54.137Z - success: adapters loaded
2024-07-18T08:55:54.139Z - success: asset-db-debugger loaded
2024-07-18T08:55:54.166Z - success: fb-audience-network loaded
2024-07-18T08:55:54.180Z - success: fb-live-stream loaded
2024-07-18T08:55:54.181Z - success: google-play-instant loaded
2024-07-18T08:55:54.182Z - success: jsb-adapter loaded
2024-07-18T08:55:54.183Z - success: package-manager loaded
2024-07-18T08:55:54.184Z - success: runtime-adapters loaded
2024-07-18T08:55:54.185Z - success: runtime-dev-tools loaded
2024-07-18T08:55:54.186Z - success: ui-kit-preview-extra loaded
2024-07-18T08:55:54.187Z - success: ui-kit-preview loaded
2024-07-18T08:55:54.493Z - success: alipay-minigame loaded
2024-07-18T08:55:54.496Z - success: assets loaded
2024-07-18T08:55:54.497Z - success: baidugame-opendata loaded
2024-07-18T08:55:54.498Z - success: baidugame loaded
2024-07-18T08:55:54.500Z - success: builder loaded
2024-07-18T08:55:54.501Z - success: bytedance-opendata loaded
2024-07-18T08:55:54.502Z - success: bytedance loaded
2024-07-18T08:55:54.503Z - success: channel-upload-tools loaded
2024-07-18T08:55:54.560Z - success: cloud-function loaded
2024-07-18T08:55:54.640Z - success: cocos-services loaded
2024-07-18T08:55:54.642Z - success: console loaded
2024-07-18T08:55:54.643Z - success: curve-editor loaded
2024-07-18T08:55:54.647Z - success: fb-instant-games loaded
2024-07-18T08:55:54.649Z - success: game-window loaded
2024-07-18T08:55:54.649Z - success: google-instant-games loaded
2024-07-18T08:55:54.651Z - success: hierarchy loaded
2024-07-18T08:55:54.652Z - success: huawei-agc loaded
2024-07-18T08:55:54.654Z - success: huawei-runtime loaded
2024-07-18T08:55:54.655Z - success: inspector loaded
2024-07-18T08:55:54.662Z - success: cpk-publish loaded
2024-07-18T08:55:54.663Z - success: keystore loaded
2024-07-18T08:55:54.671Z - success: link-sure-runtime loaded
2024-07-18T08:55:54.675Z - success: node-library loaded
2024-07-18T08:55:54.676Z - success: open-recent-items loaded
2024-07-18T08:55:54.677Z - success: oppo-runtime loaded
2024-07-18T08:55:54.678Z - success: package-asset loaded
2024-07-18T08:55:54.678Z - success: preferences loaded
2024-07-18T08:55:54.680Z - success: project-importer loaded
2024-07-18T08:55:54.681Z - success: project-settings loaded
2024-07-18T08:55:54.688Z - success: qtt-runtime loaded
2024-07-18T08:55:54.689Z - success: scene loaded
2024-07-18T08:55:54.690Z - success: simulator-debugger loaded
2024-07-18T08:55:54.690Z - success: sprite-editor loaded
2024-07-18T08:55:54.715Z - success: store loaded
2024-07-18T08:55:54.716Z - success: taobao-creativeapp loaded
2024-07-18T08:55:54.718Z - success: timeline loaded
2024-07-18T08:55:54.720Z - success: vivo-runtime loaded
2024-07-18T08:55:54.721Z - success: wechatgame-opendata loaded
2024-07-18T08:55:54.723Z - success: wechatgame loaded
2024-07-18T08:55:54.724Z - success: xiaomi-runtime loaded
2024-07-18T08:55:54.755Z - success: im-plugin loaded
2024-07-18T08:55:54.755Z - success: preview server running at http://localhost:7456
2024-07-18T08:55:55.101Z - normal: Initializing Cocos2d
2024-07-18T08:55:55.193Z - normal: Initializing engine extends
2024-07-18T08:55:55.535Z - normal: Loading packages
2024-07-18T08:55:55.536Z - normal: Run Application
2024-07-18T08:55:57.598Z - warn: Script attached to "Platform" is missing or invalid. Detailed information:
Node path: "Platform"
Script UUID: "95f9a65b-352b-422c-8ede-ee74b48bd5bb"
Class ID: "95f9aZbNStCLI7e7nS0i9W7"

2024-07-18T08:55:57.996Z - info: Cocos Service load base data!
2024-07-18T08:55:58.157Z - success: cloud-function unloaded
